2025-10-26 17:04:49,727 INFO o.a.j.u.JMeterUtils: Setting Locale to zh_CN
2025-10-26 17:04:49,754 INFO o.a.j.JMeter: Loading user properties from: E:\apache-jmeter-5.6.3\bin\user.properties
2025-10-26 17:04:49,755 INFO o.a.j.JMeter: Loading system properties from: E:\apache-jmeter-5.6.3\bin\system.properties
2025-10-26 17:04:49,755 INFO o.a.j.JMeter: Setting JMeter property: flashSaleItemId=123
2025-10-26 17:04:49,755 INFO o.a.j.JMeter: Setting JMeter property: usersCsv=F:\No-4-difficulty\performance\data\flash_users.csv
2025-10-26 17:04:49,760 INFO o.a.j.JMeter: Copyright (c) 1998-2024 The Apache Software Foundation
2025-10-26 17:04:49,761 INFO o.a.j.JMeter: Version 5.6.3
2025-10-26 17:04:49,761 INFO o.a.j.JMeter: java.version=11.0.12
2025-10-26 17:04:49,761 INFO o.a.j.JMeter: java.vm.name=OpenJDK 64-Bit Server VM
2025-10-26 17:04:49,761 INFO o.a.j.JMeter: os.name=Windows 10
2025-10-26 17:04:49,761 INFO o.a.j.JMeter: os.arch=amd64
2025-10-26 17:04:49,761 INFO o.a.j.JMeter: os.version=10.0
2025-10-26 17:04:49,761 INFO o.a.j.JMeter: file.encoding=GBK
2025-10-26 17:04:49,761 INFO o.a.j.JMeter: java.awt.headless=true
2025-10-26 17:04:49,761 INFO o.a.j.JMeter: Max memory     =1073741824
2025-10-26 17:04:49,761 INFO o.a.j.JMeter: Available Processors =16
2025-10-26 17:04:49,772 INFO o.a.j.JMeter: Default Locale=English (EN)
2025-10-26 17:04:49,772 INFO o.a.j.JMeter: JMeter  Locale=Chinese (China)
2025-10-26 17:04:49,772 INFO o.a.j.JMeter: JMeterHome=E:\apache-jmeter-5.6.3
2025-10-26 17:04:49,772 INFO o.a.j.JMeter: user.dir  =F:\No-4-difficulty
2025-10-26 17:04:49,772 INFO o.a.j.JMeter: PWD       =F:\No-4-difficulty
2025-10-26 17:04:54,294 INFO o.a.j.JMeter: IP: 172.19.144.1 Name: DESKTOP-VPHPH34 FullName: DESKTOP-VPHPH34
2025-10-26 17:04:54,306 INFO o.a.j.JMeter: Setting property 'jmeter.reportgenerator.outputdir' to:'F:\No-4-difficulty\performance\results\flash_sale_baseline_report'
2025-10-26 17:04:54,307 INFO o.a.j.s.FileServer: Default base='F:\No-4-difficulty'
2025-10-26 17:04:54,309 INFO o.a.j.s.FileServer: Set new base='F:\No-4-difficulty\performance\jmeter'
2025-10-26 17:04:54,447 INFO o.a.j.s.SaveService: Testplan (JMX) version: 2.2. Testlog (JTL) version: 2.2
2025-10-26 17:04:54,466 INFO o.a.j.s.SaveService: Using SaveService properties version 5.0
2025-10-26 17:04:54,471 INFO o.a.j.s.SaveService: Using SaveService properties file encoding UTF-8
2025-10-26 17:04:54,473 INFO o.a.j.s.SaveService: Loading file: F:\No-4-difficulty\performance\jmeter\flash-sale-purchase.jmx
2025-10-26 17:04:54,840 INFO o.a.j.p.h.s.HTTPSamplerBase: Parser for text/html is org.apache.jmeter.protocol.http.parser.LagartoBasedHtmlParser
2025-10-26 17:04:54,840 INFO o.a.j.p.h.s.HTTPSamplerBase: Parser for application/xhtml+xml is org.apache.jmeter.protocol.http.parser.LagartoBasedHtmlParser
2025-10-26 17:04:54,840 INFO o.a.j.p.h.s.HTTPSamplerBase: Parser for application/xml is org.apache.jmeter.protocol.http.parser.LagartoBasedHtmlParser
2025-10-26 17:04:54,840 INFO o.a.j.p.h.s.HTTPSamplerBase: Parser for text/xml is org.apache.jmeter.protocol.http.parser.LagartoBasedHtmlParser
2025-10-26 17:04:54,840 INFO o.a.j.p.h.s.HTTPSamplerBase: Parser for text/vnd.wap.wml is org.apache.jmeter.protocol.http.parser.RegexpHTMLParser
2025-10-26 17:04:54,840 INFO o.a.j.p.h.s.HTTPSamplerBase: Parser for text/css is org.apache.jmeter.protocol.http.parser.CssParser
2025-10-26 17:04:54,858 INFO o.a.j.JMeter: Creating summariser <summary>
2025-10-26 17:04:54,872 INFO o.a.j.r.d.ReportGenerator: ReportGenerator will use for Parsing the separator: ','
2025-10-26 17:04:54,873 INFO o.a.j.r.d.ReportGenerator: Will generate report at end of test from  results file: F:\No-4-difficulty\performance\results\flash_sale_baseline.jtl
2025-10-26 17:04:54,873 INFO o.a.j.r.d.ReportGenerator: Reading report generator properties from: E:\apache-jmeter-5.6.3\bin\reportgenerator.properties
2025-10-26 17:04:55,351 INFO o.a.j.r.d.ReportGenerator: Merging with JMeter properties
2025-10-26 17:04:55,369 INFO o.a.j.r.c.ReportGeneratorConfiguration: Property 'jmeter.reportgenerator.temp_dir' not found, using default value 'temp' instead.
2025-10-26 17:04:55,371 INFO o.a.j.r.c.ReportGeneratorConfiguration: Property 'jmeter.reportgenerator.apdex_per_transaction' not found, using default value 'null' instead.
2025-10-26 17:04:55,371 INFO o.a.j.r.c.ReportGeneratorConfiguration: apdex_per_transaction is empty, not APDEX per transaction customization
2025-10-26 17:04:55,371 INFO o.a.j.r.c.ReportGeneratorConfiguration: Property 'jmeter.reportgenerator.sample_filter' not found, using default value 'null' instead.
2025-10-26 17:04:55,372 INFO o.a.j.r.c.ReportGeneratorConfiguration: Property 'jmeter.reportgenerator.report_title' not found, using default value 'null' instead.
2025-10-26 17:04:55,372 INFO o.a.j.r.c.ReportGeneratorConfiguration: Property 'jmeter.reportgenerator.start_date' not found, using default value 'null' instead.
2025-10-26 17:04:55,372 INFO o.a.j.r.c.ReportGeneratorConfiguration: Property 'jmeter.reportgenerator.end_date' not found, using default value 'null' instead.
2025-10-26 17:04:55,372 INFO o.a.j.r.c.ReportGeneratorConfiguration: Property 'jmeter.reportgenerator.date_format' not found, using default value 'null' instead.
2025-10-26 17:04:55,372 INFO o.a.j.r.c.ReportGeneratorConfiguration: Will use date range start date: null, end date: null
2025-10-26 17:04:55,379 INFO o.a.j.r.c.ReportGeneratorConfiguration: Property 'jmeter.reportgenerator.graph.totalTPS.exclude_controllers' not found, using default value 'false' instead.
2025-10-26 17:04:55,380 INFO o.a.j.r.c.ReportGeneratorConfiguration: Property 'jmeter.reportgenerator.graph.activeThreadsOverTime.exclude_controllers' not found, using default value 'false' instead.
2025-10-26 17:04:55,380 INFO o.a.j.r.c.ReportGeneratorConfiguration: Property 'jmeter.reportgenerator.graph.timeVsThreads.exclude_controllers' not found, using default value 'false' instead.
2025-10-26 17:04:55,380 INFO o.a.j.r.c.ReportGeneratorConfiguration: Property 'jmeter.reportgenerator.graph.responseTimeDistribution.exclude_controllers' not found, using default value 'false' instead.
2025-10-26 17:04:55,380 INFO o.a.j.r.c.ReportGeneratorConfiguration: Property 'jmeter.reportgenerator.graph.transactionsPerSecond.exclude_controllers' not found, using default value 'false' instead.
2025-10-26 17:04:55,380 INFO o.a.j.r.c.ReportGeneratorConfiguration: Property 'jmeter.reportgenerator.graph.responseTimePercentiles.exclude_controllers' not found, using default value 'false' instead.
2025-10-26 17:04:55,380 INFO o.a.j.r.c.ReportGeneratorConfiguration: Property 'jmeter.reportgenerator.graph.responseTimePercentilesOverTime.exclude_controllers' not found, using default value 'false' instead.
2025-10-26 17:04:55,380 INFO o.a.j.r.c.ReportGeneratorConfiguration: Property 'jmeter.reportgenerator.graph.responseTimesOverTime.exclude_controllers' not found, using default value 'false' instead.
2025-10-26 17:04:55,380 INFO o.a.j.r.c.ReportGeneratorConfiguration: Property 'jmeter.reportgenerator.graph.connectTimeOverTime.exclude_controllers' not found, using default value 'false' instead.
2025-10-26 17:04:55,380 INFO o.a.j.r.c.ReportGeneratorConfiguration: Property 'jmeter.reportgenerator.graph.latenciesOverTime.exclude_controllers' not found, using default value 'false' instead.
2025-10-26 17:04:55,381 INFO o.a.j.r.c.ReportGeneratorConfiguration: Property 'jmeter.reportgenerator.exporter.json.filters_only_sample_series' not found, using default value 'true' instead.
2025-10-26 17:04:55,381 INFO o.a.j.r.c.ReportGeneratorConfiguration: Property 'jmeter.reportgenerator.exporter.json.series_filter' not found, using default value '' instead.
2025-10-26 17:04:55,381 INFO o.a.j.r.c.ReportGeneratorConfiguration: Property 'jmeter.reportgenerator.exporter.json.show_controllers_only' not found, using default value 'false' instead.
2025-10-26 17:04:55,381 INFO o.a.j.r.c.ReportGeneratorConfiguration: Property 'jmeter.reportgenerator.exporter.html.filters_only_sample_series' not found, using default value 'true' instead.
2025-10-26 17:04:55,381 INFO o.a.j.r.c.ReportGeneratorConfiguration: Property 'jmeter.reportgenerator.exporter.html.series_filter' not found, using default value '' instead.
2025-10-26 17:04:55,381 INFO o.a.j.r.c.ReportGeneratorConfiguration: Property 'jmeter.reportgenerator.exporter.html.show_controllers_only' not found, using default value 'false' instead.
2025-10-26 17:04:55,397 INFO o.a.j.e.StandardJMeterEngine: Running the test!
2025-10-26 17:04:55,398 INFO o.a.j.s.SampleEvent: List of sample_variables: []
2025-10-26 17:04:55,398 INFO o.a.j.s.SampleEvent: List of sample_variables: []
2025-10-26 17:04:55,408 INFO o.a.j.e.u.CompoundVariable: Note: Function class names must contain the string: '.functions.'
2025-10-26 17:04:55,408 INFO o.a.j.e.u.CompoundVariable: Note: Function class names must not contain the string: '.gui.'
2025-10-26 17:04:56,467 INFO o.a.j.JMeter: 正在运行的测试 (1761469496467)
2025-10-26 17:04:56,480 INFO o.a.j.e.StandardJMeterEngine: Starting ThreadGroup: 1 : Flash Sale Users
2025-10-26 17:04:56,480 INFO o.a.j.e.StandardJMeterEngine: Starting 50 threads for group Flash Sale Users.
2025-10-26 17:04:56,480 INFO o.a.j.e.StandardJMeterEngine: Thread will continue on error
2025-10-26 17:04:56,480 INFO o.a.j.t.ThreadGroup: Starting thread group... number=1 threads=50 ramp-up=30 delayedStart=false
2025-10-26 17:04:56,520 INFO o.a.j.t.ThreadGroup: Started thread group number 1
2025-10-26 17:04:56,521 INFO o.a.j.e.StandardJMeterEngine: All thread groups have been started
2025-10-26 17:04:56,612 INFO o.a.j.t.JMeterThread: Thread started: Flash Sale Users 1-1
2025-10-26 17:04:56,620 INFO o.a.j.s.FileServer: Stored: F:\No-4-difficulty\performance\data\flash_users.csv Alias: F:\No-4-difficulty\performance\data\flash_users.csv@false
2025-10-26 17:04:56,947 INFO o.a.j.p.h.s.HTTPHCAbstractImpl: Local host = DESKTOP-VPHPH34
2025-10-26 17:04:56,954 INFO o.a.j.p.h.s.HTTPHC4Impl: HTTP request retry count = 0
2025-10-26 17:04:56,955 INFO o.a.j.s.SampleResult: Note: Sample TimeStamps are START times
2025-10-26 17:04:56,955 INFO o.a.j.s.SampleResult: sampleresult.default.encoding is set to UTF-8
2025-10-26 17:04:56,955 INFO o.a.j.s.SampleResult: sampleresult.useNanoTime=true
2025-10-26 17:04:56,955 INFO o.a.j.s.SampleResult: sampleresult.nanoThreadSleep=5000
2025-10-26 17:04:57,210 INFO o.a.j.t.JMeterThread: Thread started: Flash Sale Users 1-2
2025-10-26 17:04:57,643 INFO o.a.j.t.JMeterThread: Thread is done: Flash Sale Users 1-1
2025-10-26 17:04:57,643 INFO o.a.j.t.JMeterThread: Thread finished: Flash Sale Users 1-1
2025-10-26 17:04:57,747 INFO o.a.j.t.JMeterThread: Thread is done: Flash Sale Users 1-2
2025-10-26 17:04:57,747 INFO o.a.j.t.JMeterThread: Thread finished: Flash Sale Users 1-2
2025-10-26 17:04:57,806 INFO o.a.j.t.JMeterThread: Thread started: Flash Sale Users 1-3
2025-10-26 17:04:58,323 INFO o.a.j.t.JMeterThread: Thread is done: Flash Sale Users 1-3
2025-10-26 17:04:58,323 INFO o.a.j.t.JMeterThread: Thread finished: Flash Sale Users 1-3
2025-10-26 17:04:58,412 INFO o.a.j.t.JMeterThread: Thread started: Flash Sale Users 1-4
2025-10-26 17:04:58,911 INFO o.a.j.t.JMeterThread: Thread is done: Flash Sale Users 1-4
2025-10-26 17:04:58,911 INFO o.a.j.t.JMeterThread: Thread finished: Flash Sale Users 1-4
2025-10-26 17:04:59,006 INFO o.a.j.t.JMeterThread: Thread started: Flash Sale Users 1-5
2025-10-26 17:04:59,496 INFO o.a.j.t.JMeterThread: Thread is done: Flash Sale Users 1-5
2025-10-26 17:04:59,496 INFO o.a.j.t.JMeterThread: Thread finished: Flash Sale Users 1-5
2025-10-26 17:04:59,598 INFO o.a.j.t.JMeterThread: Thread started: Flash Sale Users 1-6
2025-10-26 17:05:00,108 INFO o.a.j.r.Summariser: summary +     12 in 00:00:04 =    3.3/s Avg:    67 Min:    13 Max:   240 Err:     6 (50.00%) Active: 1 Started: 6 Finished: 5
2025-10-26 17:05:00,108 INFO o.a.j.t.JMeterThread: Thread is done: Flash Sale Users 1-6
2025-10-26 17:05:00,108 INFO o.a.j.t.JMeterThread: Thread finished: Flash Sale Users 1-6
2025-10-26 17:05:00,201 INFO o.a.j.t.JMeterThread: Thread started: Flash Sale Users 1-7
2025-10-26 17:05:00,709 INFO o.a.j.t.JMeterThread: Thread is done: Flash Sale Users 1-7
2025-10-26 17:05:00,709 INFO o.a.j.t.JMeterThread: Thread finished: Flash Sale Users 1-7
2025-10-26 17:05:00,801 INFO o.a.j.t.JMeterThread: Thread started: Flash Sale Users 1-8
2025-10-26 17:05:01,291 INFO o.a.j.t.JMeterThread: Thread is done: Flash Sale Users 1-8
2025-10-26 17:05:01,291 INFO o.a.j.t.JMeterThread: Thread finished: Flash Sale Users 1-8
2025-10-26 17:05:01,400 INFO o.a.j.t.JMeterThread: Thread started: Flash Sale Users 1-9
2025-10-26 17:05:01,905 INFO o.a.j.t.JMeterThread: Thread is done: Flash Sale Users 1-9
2025-10-26 17:05:01,905 INFO o.a.j.t.JMeterThread: Thread finished: Flash Sale Users 1-9
2025-10-26 17:05:01,999 INFO o.a.j.t.JMeterThread: Thread started: Flash Sale Users 1-10
2025-10-26 17:05:02,489 INFO o.a.j.t.JMeterThread: Thread is done: Flash Sale Users 1-10
2025-10-26 17:05:02,489 INFO o.a.j.t.JMeterThread: Thread finished: Flash Sale Users 1-10
2025-10-26 17:05:02,597 INFO o.a.j.t.JMeterThread: Thread started: Flash Sale Users 1-11
2025-10-26 17:05:03,102 INFO o.a.j.t.JMeterThread: Thread is done: Flash Sale Users 1-11
2025-10-26 17:05:03,102 INFO o.a.j.t.JMeterThread: Thread finished: Flash Sale Users 1-11
2025-10-26 17:05:03,190 INFO o.a.j.t.JMeterThread: Thread started: Flash Sale Users 1-12
2025-10-26 17:05:03,688 INFO o.a.j.t.JMeterThread: Thread is done: Flash Sale Users 1-12
2025-10-26 17:05:03,688 INFO o.a.j.t.JMeterThread: Thread finished: Flash Sale Users 1-12
2025-10-26 17:05:03,796 INFO o.a.j.t.JMeterThread: Thread started: Flash Sale Users 1-13
2025-10-26 17:05:04,290 INFO o.a.j.t.JMeterThread: Thread is done: Flash Sale Users 1-13
2025-10-26 17:05:04,290 INFO o.a.j.t.JMeterThread: Thread finished: Flash Sale Users 1-13
2025-10-26 17:05:04,396 INFO o.a.j.t.JMeterThread: Thread started: Flash Sale Users 1-14
2025-10-26 17:05:04,890 INFO o.a.j.t.JMeterThread: Thread is done: Flash Sale Users 1-14
2025-10-26 17:05:04,890 INFO o.a.j.t.JMeterThread: Thread finished: Flash Sale Users 1-14
2025-10-26 17:05:04,995 INFO o.a.j.t.JMeterThread: Thread started: Flash Sale Users 1-15
2025-10-26 17:05:05,497 INFO o.a.j.t.JMeterThread: Thread is done: Flash Sale Users 1-15
2025-10-26 17:05:05,497 INFO o.a.j.t.JMeterThread: Thread finished: Flash Sale Users 1-15
2025-10-26 17:05:05,607 INFO o.a.j.t.JMeterThread: Thread started: Flash Sale Users 1-16
2025-10-26 17:05:06,105 INFO o.a.j.t.JMeterThread: Thread is done: Flash Sale Users 1-16
2025-10-26 17:05:06,105 INFO o.a.j.t.JMeterThread: Thread finished: Flash Sale Users 1-16
2025-10-26 17:05:06,187 INFO o.a.j.t.JMeterThread: Thread started: Flash Sale Users 1-17
2025-10-26 17:05:06,694 INFO o.a.j.t.JMeterThread: Thread is done: Flash Sale Users 1-17
2025-10-26 17:05:06,694 INFO o.a.j.t.JMeterThread: Thread finished: Flash Sale Users 1-17
2025-10-26 17:05:06,792 INFO o.a.j.t.JMeterThread: Thread started: Flash Sale Users 1-18
2025-10-26 17:05:07,283 INFO o.a.j.t.JMeterThread: Thread is done: Flash Sale Users 1-18
2025-10-26 17:05:07,284 INFO o.a.j.t.JMeterThread: Thread finished: Flash Sale Users 1-18
2025-10-26 17:05:07,385 INFO o.a.j.t.JMeterThread: Thread started: Flash Sale Users 1-19
2025-10-26 17:05:07,890 INFO o.a.j.t.JMeterThread: Thread is done: Flash Sale Users 1-19
2025-10-26 17:05:07,890 INFO o.a.j.t.JMeterThread: Thread finished: Flash Sale Users 1-19
2025-10-26 17:05:07,990 INFO o.a.j.t.JMeterThread: Thread started: Flash Sale Users 1-20
2025-10-26 17:05:08,500 INFO o.a.j.t.JMeterThread: Thread is done: Flash Sale Users 1-20
2025-10-26 17:05:08,501 INFO o.a.j.t.JMeterThread: Thread finished: Flash Sale Users 1-20
2025-10-26 17:05:08,584 INFO o.a.j.t.JMeterThread: Thread started: Flash Sale Users 1-21
2025-10-26 17:05:09,095 INFO o.a.j.t.JMeterThread: Thread is done: Flash Sale Users 1-21
2025-10-26 17:05:09,095 INFO o.a.j.t.JMeterThread: Thread finished: Flash Sale Users 1-21
2025-10-26 17:05:09,202 INFO o.a.j.t.JMeterThread: Thread started: Flash Sale Users 1-22
2025-10-26 17:05:09,723 INFO o.a.j.t.JMeterThread: Thread is done: Flash Sale Users 1-22
2025-10-26 17:05:09,723 INFO o.a.j.t.JMeterThread: Thread finished: Flash Sale Users 1-22
2025-10-26 17:05:09,787 INFO o.a.j.t.JMeterThread: Thread started: Flash Sale Users 1-23
2025-10-26 17:05:10,310 INFO o.a.j.t.JMeterThread: Thread is done: Flash Sale Users 1-23
2025-10-26 17:05:10,310 INFO o.a.j.t.JMeterThread: Thread finished: Flash Sale Users 1-23
2025-10-26 17:05:10,389 INFO o.a.j.t.JMeterThread: Thread started: Flash Sale Users 1-24
2025-10-26 17:05:10,913 INFO o.a.j.t.JMeterThread: Thread is done: Flash Sale Users 1-24
2025-10-26 17:05:10,913 INFO o.a.j.t.JMeterThread: Thread finished: Flash Sale Users 1-24
2025-10-26 17:05:10,983 INFO o.a.j.t.JMeterThread: Thread started: Flash Sale Users 1-25
2025-10-26 17:05:11,479 INFO o.a.j.t.JMeterThread: Thread is done: Flash Sale Users 1-25
2025-10-26 17:05:11,479 INFO o.a.j.t.JMeterThread: Thread finished: Flash Sale Users 1-25
2025-10-26 17:05:11,589 INFO o.a.j.t.JMeterThread: Thread started: Flash Sale Users 1-26
2025-10-26 17:05:12,099 INFO o.a.j.t.JMeterThread: Thread is done: Flash Sale Users 1-26
2025-10-26 17:05:12,099 INFO o.a.j.t.JMeterThread: Thread finished: Flash Sale Users 1-26
2025-10-26 17:05:12,187 INFO o.a.j.t.JMeterThread: Thread started: Flash Sale Users 1-27
2025-10-26 17:05:12,706 INFO o.a.j.t.JMeterThread: Thread is done: Flash Sale Users 1-27
2025-10-26 17:05:12,707 INFO o.a.j.t.JMeterThread: Thread finished: Flash Sale Users 1-27
2025-10-26 17:05:12,788 INFO o.a.j.t.JMeterThread: Thread started: Flash Sale Users 1-28
2025-10-26 17:05:13,294 INFO o.a.j.t.JMeterThread: Thread is done: Flash Sale Users 1-28
2025-10-26 17:05:13,294 INFO o.a.j.t.JMeterThread: Thread finished: Flash Sale Users 1-28
2025-10-26 17:05:13,386 INFO o.a.j.t.JMeterThread: Thread started: Flash Sale Users 1-29
2025-10-26 17:05:13,905 INFO o.a.j.t.JMeterThread: Thread is done: Flash Sale Users 1-29
2025-10-26 17:05:13,905 INFO o.a.j.t.JMeterThread: Thread finished: Flash Sale Users 1-29
2025-10-26 17:05:13,981 INFO o.a.j.t.JMeterThread: Thread started: Flash Sale Users 1-30
2025-10-26 17:05:14,471 INFO o.a.j.t.JMeterThread: Thread is done: Flash Sale Users 1-30
2025-10-26 17:05:14,471 INFO o.a.j.t.JMeterThread: Thread finished: Flash Sale Users 1-30
2025-10-26 17:05:14,587 INFO o.a.j.t.JMeterThread: Thread started: Flash Sale Users 1-31
2025-10-26 17:05:15,087 INFO o.a.j.t.JMeterThread: Thread is done: Flash Sale Users 1-31
2025-10-26 17:05:15,087 INFO o.a.j.t.JMeterThread: Thread finished: Flash Sale Users 1-31
2025-10-26 17:05:15,185 INFO o.a.j.t.JMeterThread: Thread started: Flash Sale Users 1-32
2025-10-26 17:05:15,688 INFO o.a.j.t.JMeterThread: Thread is done: Flash Sale Users 1-32
2025-10-26 17:05:15,689 INFO o.a.j.t.JMeterThread: Thread finished: Flash Sale Users 1-32
2025-10-26 17:05:15,785 INFO o.a.j.t.JMeterThread: Thread started: Flash Sale Users 1-33
2025-10-26 17:05:16,283 INFO o.a.j.t.JMeterThread: Thread is done: Flash Sale Users 1-33
2025-10-26 17:05:16,284 INFO o.a.j.t.JMeterThread: Thread finished: Flash Sale Users 1-33
2025-10-26 17:05:16,378 INFO o.a.j.t.JMeterThread: Thread started: Flash Sale Users 1-34
2025-10-26 17:05:16,876 INFO o.a.j.t.JMeterThread: Thread is done: Flash Sale Users 1-34
2025-10-26 17:05:16,876 INFO o.a.j.t.JMeterThread: Thread finished: Flash Sale Users 1-34
2025-10-26 17:05:16,979 INFO o.a.j.t.JMeterThread: Thread started: Flash Sale Users 1-35
2025-10-26 17:05:17,495 INFO o.a.j.t.JMeterThread: Thread is done: Flash Sale Users 1-35
2025-10-26 17:05:17,495 INFO o.a.j.t.JMeterThread: Thread finished: Flash Sale Users 1-35
2025-10-26 17:05:17,584 INFO o.a.j.t.JMeterThread: Thread started: Flash Sale Users 1-36
2025-10-26 17:05:18,112 INFO o.a.j.t.JMeterThread: Thread is done: Flash Sale Users 1-36
2025-10-26 17:05:18,112 INFO o.a.j.t.JMeterThread: Thread finished: Flash Sale Users 1-36
2025-10-26 17:05:18,184 INFO o.a.j.t.JMeterThread: Thread started: Flash Sale Users 1-37
2025-10-26 17:05:18,695 INFO o.a.j.t.JMeterThread: Thread is done: Flash Sale Users 1-37
2025-10-26 17:05:18,695 INFO o.a.j.t.JMeterThread: Thread finished: Flash Sale Users 1-37
2025-10-26 17:05:18,783 INFO o.a.j.t.JMeterThread: Thread started: Flash Sale Users 1-38
2025-10-26 17:05:19,277 INFO o.a.j.t.JMeterThread: Thread is done: Flash Sale Users 1-38
2025-10-26 17:05:19,277 INFO o.a.j.t.JMeterThread: Thread finished: Flash Sale Users 1-38
2025-10-26 17:05:19,377 INFO o.a.j.t.JMeterThread: Thread started: Flash Sale Users 1-39
2025-10-26 17:05:19,894 INFO o.a.j.t.JMeterThread: Thread is done: Flash Sale Users 1-39
2025-10-26 17:05:19,894 INFO o.a.j.t.JMeterThread: Thread finished: Flash Sale Users 1-39
2025-10-26 17:05:19,976 INFO o.a.j.t.JMeterThread: Thread started: Flash Sale Users 1-40
2025-10-26 17:05:20,468 INFO o.a.j.t.JMeterThread: Thread is done: Flash Sale Users 1-40
2025-10-26 17:05:20,468 INFO o.a.j.t.JMeterThread: Thread finished: Flash Sale Users 1-40
2025-10-26 17:05:20,581 INFO o.a.j.t.JMeterThread: Thread started: Flash Sale Users 1-41
2025-10-26 17:05:21,085 INFO o.a.j.t.JMeterThread: Thread is done: Flash Sale Users 1-41
2025-10-26 17:05:21,085 INFO o.a.j.t.JMeterThread: Thread finished: Flash Sale Users 1-41
2025-10-26 17:05:21,180 INFO o.a.j.t.JMeterThread: Thread started: Flash Sale Users 1-42
2025-10-26 17:05:21,689 INFO o.a.j.t.JMeterThread: Thread is done: Flash Sale Users 1-42
2025-10-26 17:05:21,689 INFO o.a.j.t.JMeterThread: Thread finished: Flash Sale Users 1-42
2025-10-26 17:05:21,780 INFO o.a.j.t.JMeterThread: Thread started: Flash Sale Users 1-43
2025-10-26 17:05:22,271 INFO o.a.j.t.JMeterThread: Thread is done: Flash Sale Users 1-43
2025-10-26 17:05:22,271 INFO o.a.j.t.JMeterThread: Thread finished: Flash Sale Users 1-43
2025-10-26 17:05:22,381 INFO o.a.j.t.JMeterThread: Thread started: Flash Sale Users 1-44
2025-10-26 17:05:22,903 INFO o.a.j.t.JMeterThread: Thread is done: Flash Sale Users 1-44
2025-10-26 17:05:22,903 INFO o.a.j.t.JMeterThread: Thread finished: Flash Sale Users 1-44
2025-10-26 17:05:22,981 INFO o.a.j.t.JMeterThread: Thread started: Flash Sale Users 1-45
2025-10-26 17:05:23,470 INFO o.a.j.t.JMeterThread: Thread is done: Flash Sale Users 1-45
2025-10-26 17:05:23,470 INFO o.a.j.t.JMeterThread: Thread finished: Flash Sale Users 1-45
2025-10-26 17:05:23,573 INFO o.a.j.t.JMeterThread: Thread started: Flash Sale Users 1-46
2025-10-26 17:05:24,076 INFO o.a.j.t.JMeterThread: Thread is done: Flash Sale Users 1-46
2025-10-26 17:05:24,077 INFO o.a.j.t.JMeterThread: Thread finished: Flash Sale Users 1-46
2025-10-26 17:05:24,173 INFO o.a.j.t.JMeterThread: Thread started: Flash Sale Users 1-47
2025-10-26 17:05:24,679 INFO o.a.j.t.JMeterThread: Thread is done: Flash Sale Users 1-47
2025-10-26 17:05:24,679 INFO o.a.j.t.JMeterThread: Thread finished: Flash Sale Users 1-47
2025-10-26 17:05:24,780 INFO o.a.j.t.JMeterThread: Thread started: Flash Sale Users 1-48
2025-10-26 17:05:25,270 INFO o.a.j.t.JMeterThread: Thread is done: Flash Sale Users 1-48
2025-10-26 17:05:25,270 INFO o.a.j.t.JMeterThread: Thread finished: Flash Sale Users 1-48
2025-10-26 17:05:25,379 INFO o.a.j.t.JMeterThread: Thread started: Flash Sale Users 1-49
2025-10-26 17:05:25,877 INFO o.a.j.t.JMeterThread: Thread is done: Flash Sale Users 1-49
2025-10-26 17:05:25,877 INFO o.a.j.t.JMeterThread: Thread finished: Flash Sale Users 1-49
2025-10-26 17:05:25,980 INFO o.a.j.t.JMeterThread: Thread started: Flash Sale Users 1-50
2025-10-26 17:05:26,487 INFO o.a.j.t.JMeterThread: Thread is done: Flash Sale Users 1-50
2025-10-26 17:05:26,487 INFO o.a.j.t.JMeterThread: Thread finished: Flash Sale Users 1-50
2025-10-26 17:05:26,488 INFO o.a.j.e.StandardJMeterEngine: Notifying test listeners of end of test
2025-10-26 17:05:26,488 INFO o.a.j.s.FileServer: Close: F:\No-4-difficulty\performance\data\flash_users.csv@false
2025-10-26 17:05:26,489 INFO o.a.j.r.Summariser: summary +     88 in 00:00:26 =    3.3/s Avg:    46 Min:    11 Max:    99 Err:    44 (50.00%) Active: 0 Started: 50 Finished: 50
2025-10-26 17:05:26,489 INFO o.a.j.r.Summariser: summary =    100 in 00:00:30 =    3.3/s Avg:    48 Min:    11 Max:   240 Err:    50 (50.00%)
2025-10-26 17:05:26,489 INFO o.a.j.JMeter: Generating Dashboard
2025-10-26 17:05:26,489 INFO o.a.j.r.d.ReportGenerator: Flushing result collector before report Generation
2025-10-26 17:05:26,549 INFO o.a.j.r.p.NormalizerSampleConsumer: Using format, 'ms', to parse timeStamp field
2025-10-26 17:05:27,230 INFO o.a.j.r.p.AbstractSampleConsumer: class org.apache.jmeter.report.processor.AggregateConsumer#stopProducing(): beginDate produced 0 samples
2025-10-26 17:05:27,231 INFO o.a.j.r.p.AbstractSampleConsumer: class org.apache.jmeter.report.processor.AggregateConsumer#stopProducing(): endDate produced 0 samples
2025-10-26 17:05:27,237 INFO o.a.j.r.p.AbstractSampleConsumer: class org.apache.jmeter.report.processor.ApdexSummaryConsumer#stopProducing(): apdexSummary produced 0 samples
2025-10-26 17:05:27,237 INFO o.a.j.r.p.AbstractSampleConsumer: class org.apache.jmeter.report.processor.RequestsSummaryConsumer#stopProducing(): requestsSummary produced 0 samples
2025-10-26 17:05:27,242 INFO o.a.j.r.p.AbstractSampleConsumer: class org.apache.jmeter.report.processor.StatisticsSummaryConsumer#stopProducing(): statisticsSummary produced 0 samples
2025-10-26 17:05:27,244 INFO o.a.j.r.p.AbstractSampleConsumer: class org.apache.jmeter.report.processor.Top5ErrorsBySamplerConsumer#stopProducing(): top5ErrorsBySampler produced 0 samples
2025-10-26 17:05:27,244 INFO o.a.j.r.p.AbstractSampleConsumer: class org.apache.jmeter.report.processor.ErrorsSummaryConsumer#stopProducing(): errorsSummary produced 0 samples
2025-10-26 17:05:27,244 INFO o.a.j.r.p.AbstractSampleConsumer: class org.apache.jmeter.report.processor.graph.impl.HitsPerSecondGraphConsumer#stopProducing(): hitsPerSecond produced 0 samples
2025-10-26 17:05:27,317 INFO o.a.j.r.p.AbstractSampleConsumer: class org.apache.jmeter.report.processor.graph.impl.LatencyVSRequestGraphConsumer#stopProducing(): latencyVsRequest produced 0 samples
2025-10-26 17:05:27,317 INFO o.a.j.r.p.AbstractSampleConsumer: class org.apache.jmeter.report.processor.graph.impl.SyntheticResponseTimeDistributionGraphConsumer#stopProducing(): syntheticResponseTimeDistribution produced 0 samples
2025-10-26 17:05:27,318 INFO o.a.j.r.p.AbstractSampleConsumer: class org.apache.jmeter.report.processor.graph.impl.BytesThroughputGraphConsumer#stopProducing(): bytesThroughputOverTime produced 0 samples
2025-10-26 17:05:27,318 INFO o.a.j.r.p.AbstractSampleConsumer: class org.apache.jmeter.report.processor.graph.impl.CodesPerSecondGraphConsumer#stopProducing(): codesPerSecond produced 0 samples
2025-10-26 17:05:27,374 INFO o.a.j.r.p.AbstractSampleConsumer: class org.apache.jmeter.report.processor.graph.impl.ResponseTimeVSRequestGraphConsumer#stopProducing(): responseTimeVsRequest produced 0 samples
2025-10-26 17:05:27,375 INFO o.a.j.r.p.AbstractSampleConsumer: class org.apache.jmeter.report.processor.FilterConsumer#stopProducing(): startIntervalControlerFilter produced 700 samples
2025-10-26 17:05:27,375 INFO o.a.j.r.p.AbstractSampleConsumer: class org.apache.jmeter.report.processor.graph.impl.TotalTPSGraphConsumer#stopProducing(): totalTPS produced 0 samples
2025-10-26 17:05:27,375 INFO o.a.j.r.p.AbstractSampleConsumer: class org.apache.jmeter.report.processor.graph.impl.ActiveThreadsGraphConsumer#stopProducing(): activeThreadsOverTime produced 0 samples
2025-10-26 17:05:27,375 INFO o.a.j.r.p.AbstractSampleConsumer: class org.apache.jmeter.report.processor.graph.impl.TimeVSThreadGraphConsumer#stopProducing(): timeVsThreads produced 0 samples
2025-10-26 17:05:27,375 INFO o.a.j.r.p.AbstractSampleConsumer: class org.apache.jmeter.report.processor.graph.impl.ResponseTimeDistributionGraphConsumer#stopProducing(): responseTimeDistribution produced 0 samples
2025-10-26 17:05:27,375 INFO o.a.j.r.p.AbstractSampleConsumer: class org.apache.jmeter.report.processor.graph.impl.TransactionsPerSecondGraphConsumer#stopProducing(): transactionsPerSecond produced 0 samples
2025-10-26 17:05:27,375 INFO o.a.j.r.p.AbstractSampleConsumer: class org.apache.jmeter.report.processor.graph.impl.ResponseTimePercentilesGraphConsumer#stopProducing(): responseTimePercentiles produced 0 samples
2025-10-26 17:05:27,376 INFO o.a.j.r.p.AbstractSampleConsumer: class org.apache.jmeter.report.processor.graph.impl.ResponseTimePercentilesOverTimeGraphConsumer#stopProducing(): responseTimePercentilesOverTime produced 0 samples
2025-10-26 17:05:27,376 INFO o.a.j.r.p.AbstractSampleConsumer: class org.apache.jmeter.report.processor.graph.impl.ResponseTimeOverTimeGraphConsumer#stopProducing(): responseTimesOverTime produced 0 samples
2025-10-26 17:05:27,376 INFO o.a.j.r.p.AbstractSampleConsumer: class org.apache.jmeter.report.processor.graph.impl.ConnectTimeOverTimeGraphConsumer#stopProducing(): connectTimeOverTime produced 0 samples
2025-10-26 17:05:27,376 INFO o.a.j.r.p.AbstractSampleConsumer: class org.apache.jmeter.report.processor.graph.impl.LatencyOverTimeGraphConsumer#stopProducing(): latenciesOverTime produced 0 samples
2025-10-26 17:05:27,376 INFO o.a.j.r.p.AbstractSampleConsumer: class org.apache.jmeter.report.processor.FilterConsumer#stopProducing(): nameFilter produced 1500 samples
2025-10-26 17:05:27,376 INFO o.a.j.r.p.AbstractSampleConsumer: class org.apache.jmeter.report.processor.FilterConsumer#stopProducing(): dateRangeFilter produced 300 samples
2025-10-26 17:05:27,376 INFO o.a.j.r.p.AbstractSampleConsumer: class org.apache.jmeter.report.processor.NormalizerSampleConsumer#stopProducing(): normalizer produced 100 samples
2025-10-26 17:05:27,377 INFO o.a.j.r.p.CsvFileSampleSource: produce(): 100 samples produced in 797ms on channel 0
2025-10-26 17:05:27,377 INFO o.a.j.r.d.ReportGenerator: Exporting data using exporter:'json' of className:'org.apache.jmeter.report.dashboard.JsonExporter'
2025-10-26 17:05:27,503 INFO o.a.j.r.d.JsonExporter: Found data for consumer statisticsSummary?in context
2025-10-26 17:05:27,503 INFO o.a.j.r.d.JsonExporter: Creating statistics for overall
2025-10-26 17:05:27,504 INFO o.a.j.r.d.JsonExporter: Creating statistics for other transactions
2025-10-26 17:05:27,504 INFO o.a.j.r.d.JsonExporter: Checking output folder
2025-10-26 17:05:27,505 INFO o.a.j.r.d.JsonExporter: Writing statistics JSON to F:\No-4-difficulty\performance\results\flash_sale_baseline_report\statistics.json
2025-10-26 17:05:27,549 INFO o.a.j.r.d.ReportGenerator: Exporting data using exporter:'html' of className:'org.apache.jmeter.report.dashboard.HtmlTemplateExporter'
2025-10-26 17:05:27,552 INFO o.a.j.r.d.HtmlTemplateExporter: Will generate dashboard in folder: F:\No-4-difficulty\performance\results\flash_sale_baseline_report
2025-10-26 17:05:27,716 INFO o.a.j.r.d.HtmlTemplateExporter: Report will be generated in: F:\No-4-difficulty\performance\results\flash_sale_baseline_report, creating folder structure
2025-10-26 17:05:27,719 INFO o.a.j.r.d.TemplateVisitor: Copying folder from 'E:\apache-jmeter-5.6.3\bin\report-template' to 'F:\No-4-difficulty\performance\results\flash_sale_baseline_report', got message: F:\No-4-difficulty\performance\results\flash_sale_baseline_report, found non empty folder with following content [F:\No-4-difficulty\performance\results\flash_sale_baseline_report\statistics.json], will be ignored
2025-10-26 17:05:31,058 INFO o.a.j.JMeter: Dashboard generated
